<?xml version="1.0" encoding="UTF-8"?>
<testsuite xmlns:xsi="http://www.w3.org/2001/XMLSchema-instance" xsi:noNamespaceSchemaLocation="https://maven.apache.org/surefire/maven-surefire-plugin/xsd/surefire-test-report-3.0.xsd" version="3.0" name="com.crm.record.bisync.ContactServiceIntegrationTest" time="0.873" tests="7" errors="0" skipped="0" failures="0">
  <properties>
[...]
</properties>
  <testcase name="testCreateContact_Success" classname="com.crm.record.bisync.ContactServiceIntegrationTest" time="0.298">
    <system-out><![CDATA[Standard Commons Logging discovery in action with spring-jcl: please remove commons-logging.jar from classpath in order to avoid potential conflicts
20:23:40.791 [main] INFO org.springframework.test.context.support.AnnotationConfigContextLoaderUtils -- Could not detect default configuration classes for test class [com.crm.record.bisync.ContactServiceIntegrationTest]: ContactServiceIntegrationTest does not declare any static, non-private, non-final, nested classes annotated with @Configuration.
20:23:40.822 [main] INFO org.springframework.boot.test.context.SpringBootTestContextBootstrapper -- Found @SpringBootConfiguration com.crm.record.bisync.ExternalServiceApplication for test class com.crm.record.bisync.ContactServiceIntegrationTest

  .   ____          _            __ _ _
 /\\ / ___'_ __ _ _(_)_ __  __ _ \ \ \ \
( ( )\___ | '_ | '_| | '_ \/ _` | \ \ \ \
 \\/  ___)| |_)| | | | | || (_| |  ) ) ) )
  '  |____| .__|_| |_|_| |_\__, | / / / /
 =========|_|==============|___/=/_/_/_/
&amp#27;[32m :: Spring Boot :: &amp#27;[39m              &amp#27;[2m (v3.2.0)&amp#27;[0;39m

&amp#27;[2m2025-07-09T20:23:40.922+05:30&amp#27;[0;39m &amp#27;[33m WARN&amp#27;[0;39m &amp#27;[35m92694&amp#27;[0;39m &amp#27;[2m---&amp#27;[0;39m &amp#27;[2m[           main]&amp#27;[0;39m &amp#27;[2m&amp#27;[0;39m&amp#27;[36mory$DuplicateJsonObjectContextCustomizer&amp#27;[0;39m &amp#27;[2m:&amp#27;[0;39m 

Found multiple occurrences of org.json.JSONObject on the class path:

	jar:file:/Users/mridul/.m2/repository/org/json/json/20240303/json-20240303.jar!/org/json/JSONObject.class
	jar:file:/Users/mridul/.m2/repository/com/vaadin/external/google/android-json/0.0.20131108.vaadin1/android-json-0.0.20131108.vaadin1.jar!/org/json/JSONObject.class

You may wish to exclude one of them to ensure predictable runtime behavior

&amp#27;[2m2025-07-09T20:23:40.927+05:30&amp#27;[0;39m &amp#27;[32m INFO&amp#27;[0;39m &amp#27;[35m92694&amp#27;[0;39m &amp#27;[2m---&amp#27;[0;39m &amp#27;[2m[           main]&amp#27;[0;39m &amp#27;[2m&amp#27;[0;39m&amp#27;[36mc.c.r.b.ContactServiceIntegrationTest   &amp#27;[0;39m &amp#27;[2m:&amp#27;[0;39m Starting ContactServiceIntegrationTest using Java 24.0.1 with PID 92694 (started by mridul in /Users/mridul/Documents/Job Hunt/Prep/Company-Specific/Outreach/Git-repo/bi-directional-sync/external-service)
&amp#27;[2m2025-07-09T20:23:40.927+05:30&amp#27;[0;39m &amp#27;[32m INFO&amp#27;[0;39m &amp#27;[35m92694&amp#27;[0;39m &amp#27;[2m---&amp#27;[0;39m &amp#27;[2m[           main]&amp#27;[0;39m &amp#27;[2m&amp#27;[0;39m&amp#27;[36mc.c.r.b.ContactServiceIntegrationTest   &amp#27;[0;39m &amp#27;[2m:&amp#27;[0;39m No active profile set, falling back to 1 default profile: "default"
&amp#27;[2m2025-07-09T20:23:41.302+05:30&amp#27;[0;39m &amp#27;[32m INFO&amp#27;[0;39m &amp#27;[35m92694&amp#27;[0;39m &amp#27;[2m---&amp#27;[0;39m &amp#27;[2m[           main]&amp#27;[0;39m &amp#27;[2m&amp#27;[0;39m&amp#27;[36mc.c.r.b.ContactServiceIntegrationTest   &amp#27;[0;39m &amp#27;[2m:&amp#27;[0;39m Started ContactServiceIntegrationTest in 0.441 seconds (process running for 0.715)
]]></system-out>
    <system-err><![CDATA[WARNING: A Java agent has been loaded dynamically (/Users/mridul/.m2/repository/net/bytebuddy/byte-buddy-agent/1.14.10/byte-buddy-agent-1.14.10.jar)
WARNING: If a serviceability tool is in use, please run with -XX:+EnableDynamicAgentLoading to hide this warning
WARNING: If a serviceability tool is not in use, please run with -Djdk.instrument.traceUsage for more information
WARNING: Dynamic loading of agents will be disallowed by default in a future release
]]></system-err>
  </testcase>
  <testcase name="testCreateContact_SchemaValidationFailure" classname="com.crm.record.bisync.ContactServiceIntegrationTest" time="0.001"/>
  <testcase name="testGetContact_Success" classname="com.crm.record.bisync.ContactServiceIntegrationTest" time="0.004"/>
  <testcase name="testUpdateContact_Success" classname="com.crm.record.bisync.ContactServiceIntegrationTest" time="0.002">
    <system-out><![CDATA[Warning: Field missing or invalid for path: $.properties/firstname/value
Warning: Field missing or invalid for path: $.properties/lastname/value
Warning: Field missing or invalid for path: $.properties/email/value
Warning: Field missing or invalid for path: $.properties/phone/value
Warning: Field missing or invalid for path: $.properties/address_street/value
Warning: Field missing or invalid for path: $.properties/address_city/value/
Warning: Field missing or invalid for path: $.properties/address_state/value/
Warning: Field missing or invalid for path: $.properties/address_postalcode/value
Warning: Field missing or invalid for path: $.properties/address_country/value
Warning: Field missing or invalid for path: $.properties/firstname/value
Warning: Field missing or invalid for path: $.properties/lastname/value
Warning: Field missing or invalid for path: $.properties/email/value
Warning: Field missing or invalid for path: $.properties/phone/value
Warning: Field missing or invalid for path: $.properties/address_street/value
Warning: Field missing or invalid for path: $.properties/address_city/value/
Warning: Field missing or invalid for path: $.properties/address_state/value/
Warning: Field missing or invalid for path: $.properties/address_postalcode/value
Warning: Field missing or invalid for path: $.properties/address_country/value
]]></system-out>
  </testcase>
  <testcase name="testDeleteContact_Success" classname="com.crm.record.bisync.ContactServiceIntegrationTest" time="0.001"/>
  <testcase name="testRateLimiting" classname="com.crm.record.bisync.ContactServiceIntegrationTest" time="0.001"/>
  <testcase name="testSyncContact_Success" classname="com.crm.record.bisync.ContactServiceIntegrationTest" time="0.002">
    <system-out><![CDATA[Warning: Field missing or invalid for path: $.vid
Warning: Field missing or invalid for path: $.properties/firstname/value
Warning: Field missing or invalid for path: $.properties/lastname/value
Warning: Field missing or invalid for path: $.properties/email/value
Warning: Field missing or invalid for path: $.properties/phone/value
Warning: Field missing or invalid for path: $.properties/address_street/value
Warning: Field missing or invalid for path: $.properties/address_city/value/
Warning: Field missing or invalid for path: $.properties/address_state/value/
Warning: Field missing or invalid for path: $.properties/address_postalcode/value
Warning: Field missing or invalid for path: $.properties/address_country/value
Unable to recognize synchronized message
]]></system-out>
  </testcase>
</testsuite>